INFO 2025-11-09 22:52:34,197 autoreload Watching for file changes with StatReloader
INFO 2025-11-09 22:52:50,018 basehttp "GET / HTTP/1.1" 200 449
WARNING 2025-11-09 22:52:51,825 log Not Found: /favicon.ico
WARNING 2025-11-09 22:52:51,825 basehttp "GET /favicon.ico HTTP/1.1" 404 3857
INFO 2025-11-09 22:53:13,742 basehttp "GET /admin/ HTTP/1.1" 302 0
INFO 2025-11-09 22:53:15,642 basehttp "GET /admin/login/?next=/admin/ HTTP/1.1" 200 4173
INFO 2025-11-09 22:53:16,303 basehttp "GET /static/admin/css/dark_mode.css HTTP/1.1" 200 2808
INFO 2025-11-09 22:53:16,311 basehttp "GET /static/admin/css/nav_sidebar.css HTTP/1.1" 200 2810
INFO 2025-11-09 22:53:16,327 basehttp "GET /static/admin/css/base.css HTTP/1.1" 200 22120
INFO 2025-11-09 22:53:16,335 basehttp "GET /static/admin/css/login.css HTTP/1.1" 200 951
INFO 2025-11-09 22:53:16,367 basehttp "GET /static/admin/css/responsive.css HTTP/1.1" 200 16565
INFO 2025-11-09 22:53:16,383 basehttp "GET /static/admin/js/nav_sidebar.js HTTP/1.1" 200 3063
INFO 2025-11-09 22:53:16,456 basehttp "GET /static/admin/js/theme.js HTTP/1.1" 200 1653
WARNING 2025-11-09 22:53:16,600 log Not Found: /favicon.ico
WARNING 2025-11-09 22:53:16,600 basehttp "GET /favicon.ico HTTP/1.1" 404 3857
INFO 2025-11-09 22:53:23,883 basehttp "POST /admin/login/?next=/admin/ HTTP/1.1" 302 0
INFO 2025-11-09 22:53:23,992 basehttp "GET /admin/ HTTP/1.1" 200 14724
INFO 2025-11-09 22:53:24,287 basehttp "GET /static/admin/css/dashboard.css HTTP/1.1" 200 441
INFO 2025-11-09 22:53:24,325 basehttp "GET /static/admin/img/icon-addlink.svg HTTP/1.1" 200 331
INFO 2025-11-09 22:53:24,333 basehttp "GET /static/admin/img/icon-changelink.svg HTTP/1.1" 200 380
INFO 2025-11-09 23:03:32,299 autoreload Watching for file changes with StatReloader
INFO 2025-11-09 23:03:36,234 basehttp "GET / HTTP/1.1" 200 449
INFO 2025-11-09 23:03:40,588 basehttp "GET / HTTP/1.1" 200 449
INFO 2025-11-09 23:06:54,433 basehttp "OPTIONS /api/token/ HTTP/1.1" 200 0
INFO 2025-11-09 23:06:56,593 basehttp "POST /api/token/ HTTP/1.1" 200 483
INFO 2025-11-09 23:06:56,602 basehttp "OPTIONS /api/accounts/users/me/ HTTP/1.1" 200 0
INFO 2025-11-09 23:06:56,618 basehttp "GET /api/accounts/users/me/ HTTP/1.1" 200 243
INFO 2025-11-09 23:06:56,720 basehttp "OPTIONS /api/accounts/students/ HTTP/1.1" 200 0
INFO 2025-11-09 23:06:56,725 basehttp "OPTIONS /api/students/teachers/ HTTP/1.1" 200 0
INFO 2025-11-09 23:06:56,749 basehttp "GET /api/accounts/students/ HTTP/1.1" 200 52
INFO 2025-11-09 23:06:56,749 basehttp "GET /api/students/teachers/ HTTP/1.1" 200 52
INFO 2025-11-09 23:06:56,758 basehttp "OPTIONS /api/payments/payments/statistics/ HTTP/1.1" 200 0
INFO 2025-11-09 23:06:56,758 basehttp "OPTIONS /api/payments/payments/recent/ HTTP/1.1" 200 0
INFO 2025-11-09 23:06:56,762 basehttp "OPTIONS /api/payments/payments/statistics/ HTTP/1.1" 200 0
INFO 2025-11-09 23:06:56,762 basehttp "OPTIONS /api/payments/payments/recent/ HTTP/1.1" 200 0
INFO 2025-11-09 23:06:56,774 basehttp "GET /api/accounts/students/ HTTP/1.1" 200 52
INFO 2025-11-09 23:06:56,782 basehttp "GET /api/students/teachers/ HTTP/1.1" 200 52
INFO 2025-11-09 23:06:56,814 basehttp "GET /api/payments/payments/recent/ HTTP/1.1" 200 52
INFO 2025-11-09 23:06:56,822 basehttp "GET /api/payments/payments/recent/ HTTP/1.1" 200 52
INFO 2025-11-09 23:06:56,838 basehttp "GET /api/payments/payments/statistics/ HTTP/1.1" 200 929
INFO 2025-11-09 23:06:56,862 basehttp "GET /api/payments/payments/statistics/ HTTP/1.1" 200 929
INFO 2025-11-09 23:07:55,838 basehttp "GET /api/students/teachers/ HTTP/1.1" 200 52
INFO 2025-11-09 23:07:55,844 basehttp "GET /api/accounts/students/ HTTP/1.1" 200 52
INFO 2025-11-09 23:07:55,869 basehttp "GET /api/payments/payments/recent/ HTTP/1.1" 200 52
INFO 2025-11-09 23:07:55,869 basehttp "GET /api/accounts/students/ HTTP/1.1" 200 52
INFO 2025-11-09 23:07:55,887 basehttp "GET /api/students/teachers/ HTTP/1.1" 200 52
INFO 2025-11-09 23:07:55,902 basehttp "GET /api/payments/payments/recent/ HTTP/1.1" 200 52
INFO 2025-11-09 23:07:55,920 basehttp "GET /api/payments/payments/statistics/ HTTP/1.1" 200 929
INFO 2025-11-09 23:07:55,958 basehttp "GET /api/payments/payments/statistics/ HTTP/1.1" 200 929
INFO 2025-11-09 23:09:24,763 basehttp "GET /admin HTTP/1.1" 301 0
INFO 2025-11-09 23:09:25,273 basehttp "GET /admin/ HTTP/1.1" 200 14724
INFO 2025-11-09 23:09:25,346 basehttp "GET /static/admin/css/base.css HTTP/1.1" 304 0
INFO 2025-11-09 23:09:25,346 basehttp "GET /static/admin/css/dark_mode.css HTTP/1.1" 304 0
INFO 2025-11-09 23:09:25,346 basehttp "GET /static/admin/css/dashboard.css HTTP/1.1" 304 0
INFO 2025-11-09 23:09:25,354 basehttp "GET /static/admin/css/nav_sidebar.css HTTP/1.1" 304 0
INFO 2025-11-09 23:09:25,357 basehttp "GET /static/admin/css/responsive.css HTTP/1.1" 304 0
INFO 2025-11-09 23:09:25,357 basehttp "GET /static/admin/js/theme.js HTTP/1.1" 304 0
INFO 2025-11-09 23:09:25,362 basehttp "GET /static/admin/js/nav_sidebar.js HTTP/1.1" 304 0
INFO 2025-11-09 23:09:25,386 basehttp "GET /static/admin/img/icon-changelink.svg HTTP/1.1" 304 0
INFO 2025-11-09 23:09:25,386 basehttp "GET /static/admin/img/icon-addlink.svg HTTP/1.1" 304 0
INFO 2025-11-09 23:12:17,270 basehttp "GET /api/accounts/students/ HTTP/1.1" 200 52
INFO 2025-11-09 23:12:17,285 basehttp "GET /api/students/teachers/ HTTP/1.1" 200 52
INFO 2025-11-09 23:12:17,304 basehttp "GET /api/payments/payments/recent/ HTTP/1.1" 200 52
INFO 2025-11-09 23:12:17,415 basehttp "GET /api/payments/payments/statistics/ HTTP/1.1" 200 929
INFO 2025-11-09 23:14:54,373 basehttp "GET /api/students/teachers/ HTTP/1.1" 200 52
INFO 2025-11-09 23:14:54,390 basehttp "GET /api/payments/payments/recent/ HTTP/1.1" 200 52
INFO 2025-11-09 23:14:54,390 basehttp "GET /api/accounts/students/ HTTP/1.1" 200 52
INFO 2025-11-09 23:14:54,390 basehttp "GET /api/students/teachers/ HTTP/1.1" 200 52
INFO 2025-11-09 23:14:54,414 basehttp "GET /api/accounts/students/ HTTP/1.1" 200 52
INFO 2025-11-09 23:14:54,414 basehttp "GET /api/payments/payments/recent/ HTTP/1.1" 200 52
INFO 2025-11-09 23:14:54,438 basehttp "GET /api/payments/payments/statistics/ HTTP/1.1" 200 929
INFO 2025-11-09 23:14:54,463 basehttp "GET /api/payments/payments/statistics/ HTTP/1.1" 200 929
INFO 2025-11-09 23:15:04,871 basehttp "POST /api/token/ HTTP/1.1" 200 483
INFO 2025-11-09 23:15:04,887 basehttp "GET /api/accounts/users/me/ HTTP/1.1" 200 241
INFO 2025-11-09 23:15:04,964 basehttp "GET /api/accounts/students/ HTTP/1.1" 200 52
INFO 2025-11-09 23:15:04,980 basehttp "GET /api/payments/payments/recent/ HTTP/1.1" 200 52
INFO 2025-11-09 23:15:04,988 basehttp "GET /api/students/teachers/ HTTP/1.1" 200 52
INFO 2025-11-09 23:15:04,996 basehttp "GET /api/payments/payments/recent/ HTTP/1.1" 200 52
INFO 2025-11-09 23:15:05,004 basehttp "GET /api/accounts/students/ HTTP/1.1" 200 52
INFO 2025-11-09 23:15:05,012 basehttp "GET /api/students/teachers/ HTTP/1.1" 200 52
INFO 2025-11-09 23:15:05,030 basehttp "GET /api/payments/payments/statistics/ HTTP/1.1" 200 929
INFO 2025-11-09 23:15:05,061 basehttp "GET /api/payments/payments/statistics/ HTTP/1.1" 200 929
INFO 2025-11-09 23:29:34,493 autoreload F:\IGMIS LMS\django-vercel-backend\config\settings.py changed, reloading.
INFO 2025-11-09 23:29:39,739 autoreload Watching for file changes with StatReloader
INFO 2025-11-09 23:29:48,512 autoreload F:\IGMIS LMS\django-vercel-backend\config\settings.py changed, reloading.
INFO 2025-11-09 23:29:50,143 autoreload Watching for file changes with StatReloader
INFO 2025-11-09 23:30:04,422 basehttp "GET /admin/ HTTP/1.1" 200 14724
INFO 2025-11-09 23:30:04,632 basehttp "GET /static/admin/css/base.css HTTP/1.1" 304 0
INFO 2025-11-09 23:30:04,646 basehttp "GET /static/admin/css/dark_mode.css HTTP/1.1" 304 0
INFO 2025-11-09 23:30:04,656 basehttp "GET /static/admin/js/theme.js HTTP/1.1" 304 0
INFO 2025-11-09 23:30:04,691 basehttp "GET /static/admin/css/dashboard.css HTTP/1.1" 304 0
INFO 2025-11-09 23:30:04,737 basehttp "GET /static/admin/css/nav_sidebar.css HTTP/1.1" 304 0
INFO 2025-11-09 23:30:04,737 basehttp "GET /static/admin/css/responsive.css HTTP/1.1" 304 0
INFO 2025-11-09 23:30:04,854 basehttp "GET /static/admin/js/nav_sidebar.js HTTP/1.1" 304 0
INFO 2025-11-09 23:30:07,589 basehttp "GET /static/admin/img/icon-changelink.svg HTTP/1.1" 304 0
INFO 2025-11-09 23:30:07,590 basehttp "GET /static/admin/img/icon-addlink.svg HTTP/1.1" 304 0
